<?xml version="1.0" encoding="UTF-8"?>
<testsuites name="jest tests" tests="2" failures="0" time="2.868">
  <testsuite name="List tests" errors="0" failures="0" skipped="0" timestamp="2021-06-02T01:00:28" time="1.808" tests="2">
    <testcase classname="List tests" name="Poprawnie wyświetla H1 z loaderem" time="0.028">
    </testcase>
    <testcase classname="List tests" name="Poprawnie wyświetla H1 z powitaniem &quot;Witaj&quot; po 2 sekundach" time="0.002">
    </testcase>
  </testsuite>
</testsuites>